
12时41分58秒, 星期五, 五月 27 2016
09时29分38秒, 星期一, 五月 30 2016
10时11分45秒, 星期一, 五月 30 2016
10时24分32秒, 星期一, 五月 30 2016
10时30分29秒, 星期一, 五月 30 2016
09时43分47秒, 星期二, 五月 31 2016
09时47分45秒, 星期三, 六月 01 2016
12时15分45秒, 星期三, 六月 01 2016
12时16分04秒, 星期三, 六月 01 2016
12时17分25秒, 星期三, 六月 01 2016
18时09分42秒, 星期三, 六月 01 2016
09时44分32秒, 星期四, 六月 02 2016
18时33分56秒, 星期四, 六月 02 2016
09时50分11秒, 星期五, 六月 03 2016
18时19分47秒, 星期五, 六月 03 2016
09时43分22秒, 星期一, 六月 06 2016
18时10分44秒, 星期一, 六月 06 2016
09时42分58秒, 星期二, 六月 07 2016
18时17分43秒, 星期二, 六月 07 2016
09时48分57秒, 星期三, 六月 08 2016
13时43分30秒, 星期三, 六月 08 2016
13时44分21秒, 星期三, 六月 08 2016
18时12分31秒, 星期三, 六月 08 2016
09时52分42秒, 星期日, 六月 12 2016
18时14分33秒, 星期日, 六月 12 2016
09时43分15秒, 星期一, 六月 13 2016
18时25分28秒, 星期一, 六月 13 2016
09时44分18秒, 星期二, 六月 14 2016
18时44分54秒, 星期二, 六月 14 2016
09时48分00秒, 星期四, 六月 16 2016
12时56分59秒, 星期四, 六月 16 2016
13时20分00秒, 星期四, 六月 16 2016
18时08分19秒, 星期四, 六月 16 2016
09时34分57秒, 星期五, 六月 17 2016
18时36分33秒, 星期五, 六月 17 2016
09时38分53秒, 星期一, 六月 20 2016
18时38分57秒, 星期一, 六月 20 2016
18时39分09秒, 星期一, 六月 20 2016
18时47分08秒, 星期一, 六月 20 2016
09时40分34秒, 星期二, 六月 21 2016
13时29分17秒, 星期二, 六月 21 2016
13时30分04秒, 星期二, 六月 21 2016
14时10分12秒, 星期二, 六月 21 2016
14时10分27秒, 星期二, 六月 21 2016
14时14分26秒, 星期二, 六月 21 2016
14时15分20秒, 星期二, 六月 21 2016
14时16分33秒, 星期二, 六月 21 2016
14时17分16秒, 星期二, 六月 21 2016
14时22分45秒, 星期二, 六月 21 2016
14时23分28秒, 星期二, 六月 21 2016
14时24分39秒, 星期二, 六月 21 2016
14时25分23秒, 星期二, 六月 21 2016
18时34分30秒, 星期二, 六月 21 2016
09时57分25秒, 星期三, 六月 22 2016
18时57分31秒, 星期三, 六月 22 2016
09时33分56秒, 星期四, 六月 23 2016
18时27分00秒, 星期四, 六月 23 2016
09时29分14秒, 星期五, 六月 24 2016
